<?xml version="1.0" encoding="utf-8" standalone="no"?>
<!--This file represents the results of running a test suite-->
<test-results name="C:\Source\mab.lib.SimpleMapper\mab.lib.SimpleMapper.Tests\bin\Debug\mab.lib.SimpleMapper.Tests.dll" total="44" errors="0" failures="0" not-run="0" inconclusive="0" ignored="0" skipped="0" invalid="0" date="2013-01-03" time="11:03:52">
  <environment nunit-version="2.6.2.12296" clr-version="2.0.50727.5466" os-version="Microsoft Windows NT 6.1.7601 Service Pack 1" platform="Win32NT" cwd="C:\Source\mab.lib.SimpleMapper\packages\NUnit.Runners.2.6.2\tools" machine-name="OBERON" user="Mark" user-domain="OBERON" />
  <culture-info current-culture="en-GB" current-uiculture="en-US" />
  <test-suite type="Assembly" name="C:\Source\mab.lib.SimpleMapper\mab.lib.SimpleMapper.Tests\bin\Debug\mab.lib.SimpleMapper.Tests.dll" executed="True" result="Success" success="True" time="0.438" asserts="0">
    <results>
      <test-suite type="Namespace" name="mab" executed="True" result="Success" success="True" time="0.420" asserts="0">
        <results>
          <test-suite type="Namespace" name="lib" executed="True" result="Success" success="True" time="0.420" asserts="0">
            <results>
              <test-suite type="Namespace" name="SimpleMapper" executed="True" result="Success" success="True" time="0.419" asserts="0">
                <results>
                  <test-suite type="Namespace" name="Tests" executed="True" result="Success" success="True" time="0.419" asserts="0">
                    <results>
                      <test-suite type="TestFixture" name="Tests" executed="True" result="Success" success="True" time="0.417" asserts="0">
                        <results>
                          <test-case name="mab.lib.SimpleMapper.Tests.Tests.Extension_Map_Null_List" executed="True" result="Success" success="True" time="0.057" asserts="1" />
                          <test-case name="mab.lib.SimpleMapper.Tests.Tests.Extension_Map_Null_Object" executed="True" result="Success" success="True" time="0.002" asserts="1" />
                          <test-case name="mab.lib.SimpleMapper.Tests.Tests.Extension_Map_Object_To_Properties_Of_Existing_Object_Prefixed_With_Source_Type_Name" executed="True" result="Success" success="True" time="0.023" asserts="5" />
                          <test-case name="mab.lib.SimpleMapper.Tests.Tests.Extension_Map_Object_To_Properties_Of_New_Object_Prefixed_With_Source_Type_Name" executed="True" result="Success" success="True" time="0.003" asserts="5" />
                          <test-case name="mab.lib.SimpleMapper.Tests.Tests.Extension_Map_Properties_Of_Object_Prefixed_With_Source_Type_Name_To_Existing_Object" executed="True" result="Success" success="True" time="0.005" asserts="3" />
                          <test-case name="mab.lib.SimpleMapper.Tests.Tests.Extension_Map_Properties_Of_Object_Prefixed_With_Source_Type_Name_To_New_Object" executed="True" result="Success" success="True" time="0.002" asserts="3" />
                          <test-case name="mab.lib.SimpleMapper.Tests.Tests.Extension_Map_To_An_Object_With_Null_Constructor_Parameters" executed="True" result="Success" success="True" time="0.011" asserts="1" />
                          <test-case name="mab.lib.SimpleMapper.Tests.Tests.Extension_Map_To_An_Object_With_Null_Excludes" executed="True" result="Success" success="True" time="0.001" asserts="1" />
                          <test-case name="mab.lib.SimpleMapper.Tests.Tests.Extension_Map_To_An_Object_With_Null_Processing_Excludes" executed="True" result="Success" success="True" time="0.001" asserts="1" />
                          <test-case name="mab.lib.SimpleMapper.Tests.Tests.Extension_Map_To_An_Object_With_Null_Processing_Function" executed="True" result="Success" success="True" time="0.000" asserts="1" />
                          <test-case name="mab.lib.SimpleMapper.Tests.Tests.Extension_Map_To_Existing_Object" executed="True" result="Success" success="True" time="0.004" asserts="3" />
                          <test-case name="mab.lib.SimpleMapper.Tests.Tests.Extension_Map_To_Existing_Object_Applying_Processing_Function" executed="True" result="Success" success="True" time="0.002" asserts="3" />
                          <test-case name="mab.lib.SimpleMapper.Tests.Tests.Extension_Map_To_Existing_Object_Excluding_Properties_By_Regex" executed="True" result="Success" success="True" time="0.131" asserts="3" />
                          <test-case name="mab.lib.SimpleMapper.Tests.Tests.Extension_Map_To_New_List" executed="True" result="Success" success="True" time="0.010" asserts="2" />
                          <test-case name="mab.lib.SimpleMapper.Tests.Tests.Extension_Map_To_New_List_Applying_Processing_Function" executed="True" result="Success" success="True" time="0.002" asserts="4" />
                          <test-case name="mab.lib.SimpleMapper.Tests.Tests.Extension_Map_To_New_List_Excluding_Properties_By_Regex" executed="True" result="Success" success="True" time="0.002" asserts="6" />
                          <test-case name="mab.lib.SimpleMapper.Tests.Tests.Extension_Map_To_New_List_With_Constructor_Params" executed="True" result="Success" success="True" time="0.002" asserts="4" />
                          <test-case name="mab.lib.SimpleMapper.Tests.Tests.Extension_Map_To_New_Object" executed="True" result="Success" success="True" time="0.002" asserts="2" />
                          <test-case name="mab.lib.SimpleMapper.Tests.Tests.Extension_Map_To_New_Object_Applying_Processing_Function" executed="True" result="Success" success="True" time="0.002" asserts="3" />
                          <test-case name="mab.lib.SimpleMapper.Tests.Tests.Extension_Map_To_New_Object_Excluding_Properties_By_Regex" executed="True" result="Success" success="True" time="0.001" asserts="3" />
                          <test-case name="mab.lib.SimpleMapper.Tests.Tests.Extension_Map_To_New_Object_With_Constructor_Params" executed="True" result="Success" success="True" time="0.000" asserts="2" />
                          <test-case name="mab.lib.SimpleMapper.Tests.Tests.Map_A_Boolean" executed="True" result="Success" success="True" time="0.003" asserts="1" />
                          <test-case name="mab.lib.SimpleMapper.Tests.Tests.Map_A_DateTime" executed="True" result="Success" success="True" time="0.001" asserts="1" />
                          <test-case name="mab.lib.SimpleMapper.Tests.Tests.Map_A_Decimal" executed="True" result="Success" success="True" time="0.001" asserts="1" />
                          <test-case name="mab.lib.SimpleMapper.Tests.Tests.Map_A_Double" executed="True" result="Success" success="True" time="0.002" asserts="1" />
                          <test-case name="mab.lib.SimpleMapper.Tests.Tests.Map_A_List" executed="True" result="Success" success="True" time="0.001" asserts="2" />
                          <test-case name="mab.lib.SimpleMapper.Tests.Tests.Map_A_List_To_A_List_Of_Objects_With_Constructor_Parameters" executed="True" result="Success" success="True" time="0.001" asserts="4" />
                          <test-case name="mab.lib.SimpleMapper.Tests.Tests.Map_A_Nullable_Boolean" executed="True" result="Success" success="True" time="0.001" asserts="1" />
                          <test-case name="mab.lib.SimpleMapper.Tests.Tests.Map_A_Nullable_DateTime" executed="True" result="Success" success="True" time="0.000" asserts="1" />
                          <test-case name="mab.lib.SimpleMapper.Tests.Tests.Map_A_Nullable_Decimal" executed="True" result="Success" success="True" time="0.000" asserts="1" />
                          <test-case name="mab.lib.SimpleMapper.Tests.Tests.Map_A_Nullable_Double" executed="True" result="Success" success="True" time="0.000" asserts="1" />
                          <test-case name="mab.lib.SimpleMapper.Tests.Tests.Map_A_Nullable_Integer" executed="True" result="Success" success="True" time="0.001" asserts="1" />
                          <test-case name="mab.lib.SimpleMapper.Tests.Tests.Map_A_Nullable_Short" executed="True" result="Success" success="True" time="0.000" asserts="2" />
                          <test-case name="mab.lib.SimpleMapper.Tests.Tests.Map_A_Short" executed="True" result="Success" success="True" time="0.001" asserts="1" />
                          <test-case name="mab.lib.SimpleMapper.Tests.Tests.Map_A_String" executed="True" result="Success" success="True" time="0.000" asserts="1" />
                          <test-case name="mab.lib.SimpleMapper.Tests.Tests.Map_An_Integer" executed="True" result="Success" success="True" time="0.000" asserts="1" />
                          <test-case name="mab.lib.SimpleMapper.Tests.Tests.Map_Object_To_Properties_Of_Existing_Object_Prefixed_With_Source_Type_Name" executed="True" result="Success" success="True" time="0.001" asserts="5" />
                          <test-case name="mab.lib.SimpleMapper.Tests.Tests.Map_Object_To_Properties_Of_New_Object_Prefixed_With_Source_Type_Name" executed="True" result="Success" success="True" time="0.001" asserts="5" />
                          <test-case name="mab.lib.SimpleMapper.Tests.Tests.Map_Properties_Of_Object_Prefixed_With_Source_Type_Name_To_Existing_Object" executed="True" result="Success" success="True" time="0.001" asserts="3" />
                          <test-case name="mab.lib.SimpleMapper.Tests.Tests.Map_Properties_Of_Object_Prefixed_With_Source_Type_Name_To_New_Object" executed="True" result="Success" success="True" time="0.001" asserts="3" />
                          <test-case name="mab.lib.SimpleMapper.Tests.Tests.Map_To_An_Object_With_Constructor_Parameters" executed="True" result="Success" success="True" time="0.001" asserts="2" />
                          <test-case name="mab.lib.SimpleMapper.Tests.Tests.Map_To_An_Object_With_Null_Excludes" executed="True" result="Success" success="True" time="0.001" asserts="2" />
                          <test-case name="mab.lib.SimpleMapper.Tests.Tests.Map_To_An_Object_With_Null_Processing_Excludes" executed="True" result="Success" success="True" time="0.001" asserts="2" />
                          <test-case name="mab.lib.SimpleMapper.Tests.Tests.Map_To_An_Object_With_Null_Processing_Function" executed="True" result="Success" success="True" time="0.001" asserts="2" />
                        </results>
                      </test-suite>
                    </results>
                  </test-suite>
                </results>
              </test-suite>
            </results>
          </test-suite>
        </results>
      </test-suite>
    </results>
  </test-suite>
</test-results>